<?xml version="1.0" encoding="UTF-8"?>
<!-- Generated by org.testng.reporters.JUnitXMLReporter -->
<testsuite hostname="LAPTOP-6N8JH9VI" ignored="0" name="A16_NguyenMinhHai_Day05" tests="5" failures="0" timestamp="28 Aug 2022 08:08:18 GMT" time="5.721" errors="0">
  <testcase name="copy" time="0.057" classname="Homework.TestPage"/>
  <testcase name="cut" time="0.043" classname="Homework.TestPage"/>
  <testcase name="delete" time="0.045" classname="Homework.TestPage"/>
  <testcase name="edit" time="0.045" classname="Homework.TestPage"/>
  <testcase name="paste" time="0.048" classname="Homework.TestPage"/>
</testsuite> <!-- A16_NguyenMinhHai_Day05 -->
