<?xml version="1.0" encoding="UTF-8"?>
<testng-results skipped="0" failed="0" ignored="0" total="5" passed="5">
  <reporter-output>
  </reporter-output>
  <suite name="Default Suite" duration-ms="5721" started-at="2022-08-28T08:08:12Z" finished-at="2022-08-28T08:08:18Z">
    <groups>
    </groups>
    <test name="A16_NguyenMinhHai_Day05" duration-ms="5721" started-at="2022-08-28T08:08:12Z" finished-at="2022-08-28T08:08:18Z">
      <class name="Homework.TestPage">
        <test-method status="PASS" signature="setup()[pri:0, instance:Homework.TestPage@180bc464]" name="setup" is-config="true" duration-ms="4165" started-at="2022-08-28T08:08:12Z" finished-at="2022-08-28T08:08:16Z">
          <reporter-output>
          </reporter-output>
        </test-method> <!-- setup -->
        <test-method status="PASS" signature="righClickBt()[pri:0, instance:Homework.TestPage@180bc464]" name="righClickBt" is-config="true" duration-ms="143" started-at="2022-08-28T08:08:16Z" finished-at="2022-08-28T08:08:16Z">
          <reporter-output>
          </reporter-output>
        </test-method> <!-- righClickBt -->
        <test-method status="PASS" signature="copy()[pri:0, instance:Homework.TestPage@180bc464]" name="copy" duration-ms="57" started-at="2022-08-28T08:08:16Z" finished-at="2022-08-28T08:08:16Z">
          <reporter-output>
          </reporter-output>
        </test-method> <!-- copy -->
        <test-method status="PASS" signature="righClickBt()[pri:0, instance:Homework.TestPage@180bc464]" name="righClickBt" is-config="true" duration-ms="142" started-at="2022-08-28T08:08:16Z" finished-at="2022-08-28T08:08:17Z">
          <reporter-output>
          </reporter-output>
        </test-method> <!-- righClickBt -->
        <test-method status="PASS" signature="cut()[pri:0, instance:Homework.TestPage@180bc464]" name="cut" duration-ms="43" started-at="2022-08-28T08:08:17Z" finished-at="2022-08-28T08:08:17Z">
          <reporter-output>
          </reporter-output>
        </test-method> <!-- cut -->
        <test-method status="PASS" signature="righClickBt()[pri:0, instance:Homework.TestPage@180bc464]" name="righClickBt" is-config="true" duration-ms="128" started-at="2022-08-28T08:08:17Z" finished-at="2022-08-28T08:08:17Z">
          <reporter-output>
          </reporter-output>
        </test-method> <!-- righClickBt -->
        <test-method status="PASS" signature="delete()[pri:0, instance:Homework.TestPage@180bc464]" name="delete" duration-ms="45" started-at="2022-08-28T08:08:17Z" finished-at="2022-08-28T08:08:17Z">
          <reporter-output>
          </reporter-output>
        </test-method> <!-- delete -->
        <test-method status="PASS" signature="righClickBt()[pri:0, instance:Homework.TestPage@180bc464]" name="righClickBt" is-config="true" duration-ms="129" started-at="2022-08-28T08:08:17Z" finished-at="2022-08-28T08:08:17Z">
          <reporter-output>
          </reporter-output>
        </test-method> <!-- righClickBt -->
        <test-method status="PASS" signature="edit()[pri:0, instance:Homework.TestPage@180bc464]" name="edit" duration-ms="45" started-at="2022-08-28T08:08:17Z" finished-at="2022-08-28T08:08:17Z">
          <reporter-output>
          </reporter-output>
        </test-method> <!-- edit -->
        <test-method status="PASS" signature="righClickBt()[pri:0, instance:Homework.TestPage@180bc464]" name="righClickBt" is-config="true" duration-ms="127" started-at="2022-08-28T08:08:17Z" finished-at="2022-08-28T08:08:17Z">
          <reporter-output>
          </reporter-output>
        </test-method> <!-- righClickBt -->
        <test-method status="PASS" signature="paste()[pri:0, instance:Homework.TestPage@180bc464]" name="paste" duration-ms="48" started-at="2022-08-28T08:08:17Z" finished-at="2022-08-28T08:08:17Z">
          <reporter-output>
          </reporter-output>
        </test-method> <!-- paste -->
        <test-method status="PASS" signature="endSession()[pri:0, instance:Homework.TestPage@180bc464]" name="endSession" is-config="true" duration-ms="621" started-at="2022-08-28T08:08:17Z" finished-at="2022-08-28T08:08:18Z">
          <reporter-output>
          </reporter-output>
        </test-method> <!-- endSession -->
      </class> <!-- Homework.TestPage -->
    </test> <!-- A16_NguyenMinhHai_Day05 -->
  </suite> <!-- Default Suite -->
</testng-results>
